<?xml version="1.0" encoding="UTF-8"?>
<coverage generated="1599225795119" clover="3.2.0">
  <project timestamp="1599225795119" name="All files">
    <metrics statements="7" coveredstatements="7" conditionals="2" coveredconditionals="2" methods="6" coveredmethods="6" elements="15" coveredelements="15" complexity="0" loc="7" ncloc="7" packages="1" files="1" classes="1"/>
    <file name="queue.js" path="/home/tim/Learning/Push/data-structures/queues/js-example-01/src/queue.js">
      <metrics statements="7" coveredstatements="7" conditionals="2" coveredconditionals="2" methods="6" coveredmethods="6"/>
      <line num="3" count="8" type="stmt"/>
      <line num="8" count="14" type="stmt"/>
      <line num="12" count="4" type="cond" truecount="2" falsecount="0"/>
      <line num="13" count="3" type="stmt"/>
      <line num="16" count="1" type="stmt"/>
      <line num="19" count="1" type="stmt"/>
      <line num="22" count="2" type="stmt"/>
    </file>
  </project>
</coverage>
