<?xml version="1.0" encoding="UTF-8"?>
<coverage generated="1599229370151" clover="3.2.0">
  <project timestamp="1599229370151" name="All files">
    <metrics statements="22" coveredstatements="20" conditionals="8" coveredconditionals="7" methods="11" coveredmethods="10" elements="41" coveredelements="37" complexity="0" loc="22" ncloc="22" packages="1" files="2" classes="2"/>
    <file name="priority-queue.js" path="/home/tim/Learning/Push/data-structures/queues/js-example-01/src/priority-queue.js">
      <metrics statements="15" coveredstatements="13" conditionals="6" coveredconditionals="5" methods="5" coveredmethods="4"/>
      <line num="3" count="5" type="stmt"/>
      <line num="7" count="0" type="stmt"/>
      <line num="11" count="2" type="stmt"/>
      <line num="15" count="13" type="cond" truecount="1" falsecount="1"/>
      <line num="16" count="0" type="stmt"/>
      <line num="18" count="13" type="stmt"/>
      <line num="19" count="13" type="stmt"/>
      <line num="20" count="14" type="cond" truecount="2" falsecount="0"/>
      <line num="21" count="5" type="stmt"/>
      <line num="22" count="5" type="stmt"/>
      <line num="23" count="5" type="stmt"/>
      <line num="26" count="13" type="cond" truecount="2" falsecount="0"/>
      <line num="27" count="8" type="stmt"/>
      <line num="33" count="5" type="stmt"/>
      <line num="34" count="5" type="stmt"/>
    </file>
    <file name="queue.js" path="/home/tim/Learning/Push/data-structures/queues/js-example-01/src/queue.js">
      <metrics statements="7" coveredstatements="7" conditionals="2" coveredconditionals="2" methods="6" coveredmethods="6"/>
      <line num="3" count="8" type="stmt"/>
      <line num="8" count="14" type="stmt"/>
      <line num="12" count="4" type="cond" truecount="2" falsecount="0"/>
      <line num="13" count="3" type="stmt"/>
      <line num="16" count="1" type="stmt"/>
      <line num="19" count="1" type="stmt"/>
      <line num="22" count="2" type="stmt"/>
    </file>
  </project>
</coverage>
