{"/home/tim/Learning/Push/data-structures/queues/js-example-01/src/priority-queue.mjs": {"path":"/home/tim/Learning/Push/data-structures/queues/js-example-01/src/priority-queue.mjs","statementMap":{"0":{"start":{"line":3,"column":4},"end":{"line":3,"column":25}},"1":{"start":{"line":7,"column":4},"end":{"line":7,"column":33}},"2":{"start":{"line":11,"column":4},"end":{"line":11,"column":40}},"3":{"start":{"line":15,"column":4},"end":{"line":29,"column":5}},"4":{"start":{"line":16,"column":6},"end":{"line":16,"column":33}},"5":{"start":{"line":18,"column":18},"end":{"line":18,"column":23}},"6":{"start":{"line":19,"column":6},"end":{"line":25,"column":7}},"7":{"start":{"line":19,"column":19},"end":{"line":19,"column":20}},"8":{"start":{"line":20,"column":8},"end":{"line":24,"column":9}},"9":{"start":{"line":21,"column":10},"end":{"line":21,"column":45}},"10":{"start":{"line":22,"column":10},"end":{"line":22,"column":23}},"11":{"start":{"line":23,"column":10},"end":{"line":23,"column":16}},"12":{"start":{"line":26,"column":6},"end":{"line":28,"column":7}},"13":{"start":{"line":27,"column":8},"end":{"line":27,"column":35}},"14":{"start":{"line":33,"column":16},"end":{"line":33,"column":39}},"15":{"start":{"line":34,"column":4},"end":{"line":34,"column":20}}},"fnMap":{"0":{"name":"(anonymous_0)","decl":{"start":{"line":2,"column":2},"end":{"line":2,"column":3}},"loc":{"start":{"line":2,"column":16},"end":{"line":4,"column":3}},"line":2},"1":{"name":"(anonymous_1)","decl":{"start":{"line":6,"column":2},"end":{"line":6,"column":3}},"loc":{"start":{"line":6,"column":20},"end":{"line":8,"column":3}},"line":6},"2":{"name":"(anonymous_2)","decl":{"start":{"line":10,"column":2},"end":{"line":10,"column":3}},"loc":{"start":{"line":10,"column":12},"end":{"line":12,"column":3}},"line":10},"3":{"name":"(anonymous_3)","decl":{"start":{"line":14,"column":2},"end":{"line":14,"column":3}},"loc":{"start":{"line":14,"column":12},"end":{"line":30,"column":3}},"line":14},"4":{"name":"(anonymous_4)","decl":{"start":{"line":32,"column":2},"end":{"line":32,"column":3}},"loc":{"start":{"line":32,"column":11},"end":{"line":35,"column":3}},"line":32}},"branchMap":{"0":{"loc":{"start":{"line":15,"column":4},"end":{"line":29,"column":5}},"type":"if","locations":[{"start":{"line":15,"column":4},"end":{"line":29,"column":5}},{"start":{"line":15,"column":4},"end":{"line":29,"column":5}}],"line":15},"1":{"loc":{"start":{"line":20,"column":8},"end":{"line":24,"column":9}},"type":"if","locations":[{"start":{"line":20,"column":8},"end":{"line":24,"column":9}},{"start":{"line":20,"column":8},"end":{"line":24,"column":9}}],"line":20},"2":{"loc":{"start":{"line":26,"column":6},"end":{"line":28,"column":7}},"type":"if","locations":[{"start":{"line":26,"column":6},"end":{"line":28,"column":7}},{"start":{"line":26,"column":6},"end":{"line":28,"column":7}}],"line":26}},"s":{"0":5,"1":0,"2":2,"3":13,"4":0,"5":13,"6":13,"7":13,"8":14,"9":5,"10":5,"11":5,"12":13,"13":8,"14":5,"15":5},"f":{"0":5,"1":0,"2":2,"3":13,"4":5},"b":{"0":[0,13],"1":[5,9],"2":[8,5]},"_coverageSchema":"1a1c01bbd47fc00a2c39e90264f33305004495a9","hash":"edbbdc3424395c5305324ba23040bdfe6bb408a7"}
,"/home/tim/Learning/Push/data-structures/queues/js-example-01/src/queue.mjs": {"path":"/home/tim/Learning/Push/data-structures/queues/js-example-01/src/queue.mjs","statementMap":{"0":{"start":{"line":3,"column":4},"end":{"line":3,"column":20}},"1":{"start":{"line":8,"column":4},"end":{"line":8,"column":29}},"2":{"start":{"line":12,"column":4},"end":{"line":12,"column":58}},"3":{"start":{"line":12,"column":33},"end":{"line":12,"column":58}},"4":{"start":{"line":13,"column":4},"end":{"line":13,"column":28}},"5":{"start":{"line":16,"column":4},"end":{"line":16,"column":25}},"6":{"start":{"line":19,"column":4},"end":{"line":19,"column":29}},"7":{"start":{"line":22,"column":4},"end":{"line":22,"column":35}}},"fnMap":{"0":{"name":"(anonymous_0)","decl":{"start":{"line":2,"column":2},"end":{"line":2,"column":3}},"loc":{"start":{"line":2,"column":16},"end":{"line":4,"column":3}},"line":2},"1":{"name":"(anonymous_1)","decl":{"start":{"line":7,"column":2},"end":{"line":7,"column":3}},"loc":{"start":{"line":7,"column":12},"end":{"line":9,"column":3}},"line":7},"2":{"name":"(anonymous_2)","decl":{"start":{"line":11,"column":2},"end":{"line":11,"column":3}},"loc":{"start":{"line":11,"column":11},"end":{"line":14,"column":3}},"line":11},"3":{"name":"(anonymous_3)","decl":{"start":{"line":15,"column":2},"end":{"line":15,"column":3}},"loc":{"start":{"line":15,"column":13},"end":{"line":17,"column":3}},"line":15},"4":{"name":"(anonymous_4)","decl":{"start":{"line":18,"column":2},"end":{"line":18,"column":3}},"loc":{"start":{"line":18,"column":12},"end":{"line":20,"column":3}},"line":18},"5":{"name":"(anonymous_5)","decl":{"start":{"line":21,"column":2},"end":{"line":21,"column":3}},"loc":{"start":{"line":21,"column":12},"end":{"line":23,"column":3}},"line":21}},"branchMap":{"0":{"loc":{"start":{"line":12,"column":4},"end":{"line":12,"column":58}},"type":"if","locations":[{"start":{"line":12,"column":4},"end":{"line":12,"column":58}},{"start":{"line":12,"column":4},"end":{"line":12,"column":58}}],"line":12}},"s":{"0":8,"1":14,"2":4,"3":1,"4":3,"5":1,"6":1,"7":2},"f":{"0":8,"1":14,"2":4,"3":1,"4":1,"5":2},"b":{"0":[1,3]},"_coverageSchema":"1a1c01bbd47fc00a2c39e90264f33305004495a9","hash":"3e486d72b1eae7ecdcf37841964aa13420efc4e0"}
}
