TN:
SF:src/priority-queue.mjs
FN:2,(anonymous_0)
FN:6,(anonymous_1)
FN:10,(anonymous_2)
FN:14,(anonymous_3)
FN:32,(anonymous_4)
FNF:5
FNH:4
FNDA:5,(anonymous_0)
FNDA:0,(anonymous_1)
FNDA:2,(anonymous_2)
FNDA:13,(anonymous_3)
FNDA:5,(anonymous_4)
DA:3,5
DA:7,0
DA:11,2
DA:15,13
DA:16,0
DA:18,13
DA:19,13
DA:20,14
DA:21,5
DA:22,5
DA:23,5
DA:26,13
DA:27,8
DA:33,5
DA:34,5
LF:15
LH:13
BRDA:15,0,0,0
BRDA:15,0,1,13
BRDA:20,1,0,5
BRDA:20,1,1,9
BRDA:26,2,0,8
BRDA:26,2,1,5
BRF:6
BRH:5
end_of_record
TN:
SF:src/queue.mjs
FN:2,(anonymous_0)
FN:7,(anonymous_1)
FN:11,(anonymous_2)
FN:15,(anonymous_3)
FN:18,(anonymous_4)
FN:21,(anonymous_5)
FNF:6
FNH:6
FNDA:8,(anonymous_0)
FNDA:14,(anonymous_1)
FNDA:4,(anonymous_2)
FNDA:1,(anonymous_3)
FNDA:1,(anonymous_4)
FNDA:2,(anonymous_5)
DA:3,8
DA:8,14
DA:12,4
DA:13,3
DA:16,1
DA:19,1
DA:22,2
LF:7
LH:7
BRDA:12,0,0,1
BRDA:12,0,1,3
BRF:2
BRH:2
end_of_record
