<?xml version="1.0" encoding="UTF-8"?>
<coverage generated="1599235961396" clover="3.2.0">
  <project timestamp="1599235961396" name="All files">
    <metrics statements="63" coveredstatements="39" conditionals="14" coveredconditionals="7" methods="9" coveredmethods="7" elements="86" coveredelements="53" complexity="0" loc="63" ncloc="63" packages="1" files="2" classes="2"/>
    <file name="doubly-linked.js" path="/home/tim/Learning/Push/data-structures/linked-lists/js-example-01/src/doubly-linked.js">
      <metrics statements="0" coveredstatements="0" conditionals="0" coveredconditionals="0" methods="0" coveredmethods="0"/>
    </file>
    <file name="singly-linked.js" path="/home/tim/Learning/Push/data-structures/linked-lists/js-example-01/src/singly-linked.js">
      <metrics statements="63" coveredstatements="39" conditionals="14" coveredconditionals="7" methods="9" coveredmethods="7"/>
      <line num="3" count="22" type="stmt"/>
      <line num="4" count="22" type="stmt"/>
      <line num="10" count="8" type="stmt"/>
      <line num="11" count="8" type="stmt"/>
      <line num="16" count="3" type="stmt"/>
      <line num="17" count="3" type="stmt"/>
      <line num="18" count="3" type="stmt"/>
      <line num="19" count="9" type="cond" truecount="2" falsecount="0"/>
      <line num="20" count="3" type="stmt"/>
      <line num="22" count="6" type="stmt"/>
      <line num="23" count="6" type="stmt"/>
      <line num="25" count="0" type="stmt"/>
      <line num="30" count="7" type="stmt"/>
      <line num="31" count="7" type="stmt"/>
      <line num="34" count="7" type="cond" truecount="2" falsecount="0"/>
      <line num="35" count="1" type="stmt"/>
      <line num="36" count="1" type="stmt"/>
      <line num="37" count="1" type="stmt"/>
      <line num="41" count="6" type="stmt"/>
      <line num="42" count="6" type="stmt"/>
      <line num="44" count="6" type="stmt"/>
      <line num="45" count="6" type="stmt"/>
      <line num="46" count="6" type="stmt"/>
      <line num="51" count="14" type="stmt"/>
      <line num="52" count="14" type="stmt"/>
      <line num="53" count="14" type="stmt"/>
      <line num="54" count="14" type="stmt"/>
      <line num="55" count="14" type="stmt"/>
      <line num="61" count="1" type="cond" truecount="1" falsecount="1"/>
      <line num="62" count="0" type="stmt"/>
      <line num="63" count="0" type="stmt"/>
      <line num="64" count="0" type="stmt"/>
      <line num="67" count="1" type="cond" truecount="1" falsecount="1"/>
      <line num="68" count="0" type="stmt"/>
      <line num="69" count="0" type="stmt"/>
      <line num="70" count="0" type="stmt"/>
      <line num="73" count="1" type="stmt"/>
      <line num="74" count="1" type="stmt"/>
      <line num="75" count="1" type="stmt"/>
      <line num="76" count="1" type="stmt"/>
      <line num="77" count="1" type="stmt"/>
      <line num="78" count="1" type="stmt"/>
      <line num="83" count="0" type="cond" truecount="0" falsecount="2"/>
      <line num="84" count="0" type="stmt"/>
      <line num="85" count="0" type="stmt"/>
      <line num="88" count="0" type="cond" truecount="0" falsecount="2"/>
      <line num="89" count="0" type="stmt"/>
      <line num="90" count="0" type="stmt"/>
      <line num="91" count="0" type="stmt"/>
      <line num="94" count="0" type="stmt"/>
      <line num="95" count="0" type="stmt"/>
      <line num="97" count="0" type="stmt"/>
      <line num="98" count="0" type="stmt"/>
      <line num="99" count="0" type="stmt"/>
      <line num="102" count="0" type="stmt"/>
      <line num="103" count="0" type="stmt"/>
      <line num="104" count="0" type="stmt"/>
      <line num="109" count="2" type="cond" truecount="1" falsecount="1"/>
      <line num="110" count="0" type="stmt"/>
      <line num="111" count="0" type="stmt"/>
      <line num="113" count="2" type="stmt"/>
      <line num="114" count="2" type="stmt"/>
      <line num="115" count="2" type="stmt"/>
    </file>
  </project>
</coverage>
