{"/home/tim/Learning/Push/data-structures/linked-lists/js-example-01/src/doubly-linked.js": {"path":"/home/tim/Learning/Push/data-structures/linked-lists/js-example-01/src/doubly-linked.js","statementMap":{},"fnMap":{},"branchMap":{},"s":{},"f":{},"b":{}}
,"/home/tim/Learning/Push/data-structures/linked-lists/js-example-01/src/singly-linked.js": {"path":"/home/tim/Learning/Push/data-structures/linked-lists/js-example-01/src/singly-linked.js","statementMap":{"0":{"start":{"line":3,"column":4},"end":{"line":3,"column":21}},"1":{"start":{"line":4,"column":4},"end":{"line":4,"column":21}},"2":{"start":{"line":10,"column":4},"end":{"line":10,"column":20}},"3":{"start":{"line":11,"column":4},"end":{"line":11,"column":21}},"4":{"start":{"line":17,"column":4},"end":{"line":17,"column":20}},"5":{"start":{"line":18,"column":4},"end":{"line":18,"column":21}},"6":{"start":{"line":23,"column":18},"end":{"line":23,"column":19}},"7":{"start":{"line":24,"column":15},"end":{"line":24,"column":24}},"8":{"start":{"line":25,"column":4},"end":{"line":31,"column":5}},"9":{"start":{"line":26,"column":6},"end":{"line":28,"column":7}},"10":{"start":{"line":27,"column":8},"end":{"line":27,"column":20}},"11":{"start":{"line":29,"column":6},"end":{"line":29,"column":16}},"12":{"start":{"line":30,"column":6},"end":{"line":30,"column":23}},"13":{"start":{"line":32,"column":4},"end":{"line":32,"column":16}},"14":{"start":{"line":36,"column":22},"end":{"line":36,"column":31}},"15":{"start":{"line":37,"column":16},"end":{"line":37,"column":26}},"16":{"start":{"line":38,"column":4},"end":{"line":44,"column":5}},"17":{"start":{"line":39,"column":6},"end":{"line":39,"column":41}},"18":{"start":{"line":40,"column":6},"end":{"line":40,"column":37}},"19":{"start":{"line":41,"column":6},"end":{"line":43,"column":7}},"20":{"start":{"line":42,"column":8},"end":{"line":42,"column":25}},"21":{"start":{"line":46,"column":4},"end":{"line":46,"column":17}},"22":{"start":{"line":53,"column":17},"end":{"line":53,"column":31}},"23":{"start":{"line":54,"column":22},"end":{"line":54,"column":31}},"24":{"start":{"line":57,"column":4},"end":{"line":61,"column":5}},"25":{"start":{"line":58,"column":6},"end":{"line":58,"column":23}},"26":{"start":{"line":59,"column":6},"end":{"line":59,"column":20}},"27":{"start":{"line":60,"column":6},"end":{"line":60,"column":18}},"28":{"start":{"line":64,"column":4},"end":{"line":66,"column":5}},"29":{"start":{"line":65,"column":6},"end":{"line":65,"column":37}},"30":{"start":{"line":67,"column":4},"end":{"line":67,"column":28}},"31":{"start":{"line":68,"column":4},"end":{"line":68,"column":18}},"32":{"start":{"line":69,"column":4},"end":{"line":69,"column":16}},"33":{"start":{"line":74,"column":15},"end":{"line":74,"column":29}},"34":{"start":{"line":75,"column":4},"end":{"line":75,"column":26}},"35":{"start":{"line":76,"column":4},"end":{"line":76,"column":21}},"36":{"start":{"line":77,"column":4},"end":{"line":77,"column":18}},"37":{"start":{"line":78,"column":4},"end":{"line":78,"column":21}},"38":{"start":{"line":84,"column":4},"end":{"line":88,"column":5}},"39":{"start":{"line":85,"column":6},"end":{"line":85,"column":33}},"40":{"start":{"line":86,"column":6},"end":{"line":86,"column":20}},"41":{"start":{"line":87,"column":6},"end":{"line":87,"column":13}},"42":{"start":{"line":90,"column":4},"end":{"line":94,"column":5}},"43":{"start":{"line":91,"column":6},"end":{"line":91,"column":44}},"44":{"start":{"line":92,"column":6},"end":{"line":92,"column":20}},"45":{"start":{"line":93,"column":6},"end":{"line":93,"column":13}},"46":{"start":{"line":96,"column":21},"end":{"line":96,"column":42}},"47":{"start":{"line":97,"column":15},"end":{"line":97,"column":29}},"48":{"start":{"line":98,"column":4},"end":{"line":98,"column":30}},"49":{"start":{"line":99,"column":4},"end":{"line":99,"column":25}},"50":{"start":{"line":100,"column":4},"end":{"line":100,"column":18}},"51":{"start":{"line":101,"column":4},"end":{"line":101,"column":21}},"52":{"start":{"line":106,"column":4},"end":{"line":109,"column":5}},"53":{"start":{"line":107,"column":6},"end":{"line":107,"column":20}},"54":{"start":{"line":108,"column":6},"end":{"line":108,"column":18}},"55":{"start":{"line":111,"column":4},"end":{"line":115,"column":5}},"56":{"start":{"line":112,"column":6},"end":{"line":112,"column":23}},"57":{"start":{"line":113,"column":6},"end":{"line":113,"column":20}},"58":{"start":{"line":114,"column":6},"end":{"line":114,"column":13}},"59":{"start":{"line":117,"column":19},"end":{"line":117,"column":28}},"60":{"start":{"line":118,"column":19},"end":{"line":118,"column":33}},"61":{"start":{"line":120,"column":4},"end":{"line":123,"column":5}},"62":{"start":{"line":121,"column":6},"end":{"line":121,"column":26}},"63":{"start":{"line":122,"column":6},"end":{"line":122,"column":31}},"64":{"start":{"line":125,"column":4},"end":{"line":125,"column":25}},"65":{"start":{"line":126,"column":4},"end":{"line":126,"column":18}},"66":{"start":{"line":127,"column":4},"end":{"line":127,"column":21}},"67":{"start":{"line":132,"column":4},"end":{"line":135,"column":5}},"68":{"start":{"line":133,"column":6},"end":{"line":133,"column":20}},"69":{"start":{"line":134,"column":6},"end":{"line":134,"column":13}},"70":{"start":{"line":136,"column":4},"end":{"line":136,"column":31}},"71":{"start":{"line":137,"column":4},"end":{"line":137,"column":18}},"72":{"start":{"line":138,"column":4},"end":{"line":138,"column":21}},"73":{"start":{"line":142,"column":4},"end":{"line":145,"column":5}},"74":{"start":{"line":143,"column":6},"end":{"line":143,"column":20}},"75":{"start":{"line":144,"column":6},"end":{"line":144,"column":13}},"76":{"start":{"line":146,"column":4},"end":{"line":150,"column":5}},"77":{"start":{"line":147,"column":6},"end":{"line":147,"column":33}},"78":{"start":{"line":148,"column":6},"end":{"line":148,"column":20}},"79":{"start":{"line":149,"column":6},"end":{"line":149,"column":13}},"80":{"start":{"line":151,"column":21},"end":{"line":151,"column":42}},"81":{"start":{"line":152,"column":4},"end":{"line":155,"column":5}},"82":{"start":{"line":153,"column":6},"end":{"line":153,"column":20}},"83":{"start":{"line":154,"column":6},"end":{"line":154,"column":13}},"84":{"start":{"line":156,"column":4},"end":{"line":156,"column":39}},"85":{"start":{"line":157,"column":4},"end":{"line":157,"column":18}},"86":{"start":{"line":158,"column":4},"end":{"line":158,"column":21}}},"fnMap":{"0":{"name":"(anonymous_0)","decl":{"start":{"line":2,"column":2},"end":{"line":2,"column":3}},"loc":{"start":{"line":2,"column":20},"end":{"line":5,"column":3}},"line":2},"1":{"name":"(anonymous_1)","decl":{"start":{"line":9,"column":2},"end":{"line":9,"column":3}},"loc":{"start":{"line":9,"column":16},"end":{"line":12,"column":3}},"line":9},"2":{"name":"(anonymous_2)","decl":{"start":{"line":16,"column":2},"end":{"line":16,"column":3}},"loc":{"start":{"line":16,"column":15},"end":{"line":19,"column":3}},"line":16},"3":{"name":"(anonymous_3)","decl":{"start":{"line":22,"column":2},"end":{"line":22,"column":3}},"loc":{"start":{"line":22,"column":15},"end":{"line":33,"column":3}},"line":22},"4":{"name":"(anonymous_4)","decl":{"start":{"line":35,"column":2},"end":{"line":35,"column":3}},"loc":{"start":{"line":35,"column":14},"end":{"line":47,"column":3}},"line":35},"5":{"name":"(anonymous_5)","decl":{"start":{"line":52,"column":2},"end":{"line":52,"column":3}},"loc":{"start":{"line":52,"column":16},"end":{"line":70,"column":3}},"line":52},"6":{"name":"(anonymous_6)","decl":{"start":{"line":73,"column":2},"end":{"line":73,"column":3}},"loc":{"start":{"line":73,"column":17},"end":{"line":79,"column":3}},"line":73},"7":{"name":"(anonymous_7)","decl":{"start":{"line":82,"column":2},"end":{"line":82,"column":3}},"loc":{"start":{"line":82,"column":21},"end":{"line":102,"column":3}},"line":82},"8":{"name":"(anonymous_8)","decl":{"start":{"line":104,"column":2},"end":{"line":104,"column":3}},"loc":{"start":{"line":104,"column":15},"end":{"line":128,"column":3}},"line":104},"9":{"name":"(anonymous_9)","decl":{"start":{"line":130,"column":2},"end":{"line":130,"column":3}},"loc":{"start":{"line":130,"column":16},"end":{"line":139,"column":3}},"line":130},"10":{"name":"(anonymous_10)","decl":{"start":{"line":141,"column":2},"end":{"line":141,"column":3}},"loc":{"start":{"line":141,"column":18},"end":{"line":159,"column":3}},"line":141}},"branchMap":{"0":{"loc":{"start":{"line":26,"column":6},"end":{"line":28,"column":7}},"type":"if","locations":[{"start":{"line":26,"column":6},"end":{"line":28,"column":7}},{"start":{"line":26,"column":6},"end":{"line":28,"column":7}}],"line":26},"1":{"loc":{"start":{"line":41,"column":6},"end":{"line":43,"column":7}},"type":"if","locations":[{"start":{"line":41,"column":6},"end":{"line":43,"column":7}},{"start":{"line":41,"column":6},"end":{"line":43,"column":7}}],"line":41},"2":{"loc":{"start":{"line":57,"column":4},"end":{"line":61,"column":5}},"type":"if","locations":[{"start":{"line":57,"column":4},"end":{"line":61,"column":5}},{"start":{"line":57,"column":4},"end":{"line":61,"column":5}}],"line":57},"3":{"loc":{"start":{"line":84,"column":4},"end":{"line":88,"column":5}},"type":"if","locations":[{"start":{"line":84,"column":4},"end":{"line":88,"column":5}},{"start":{"line":84,"column":4},"end":{"line":88,"column":5}}],"line":84},"4":{"loc":{"start":{"line":90,"column":4},"end":{"line":94,"column":5}},"type":"if","locations":[{"start":{"line":90,"column":4},"end":{"line":94,"column":5}},{"start":{"line":90,"column":4},"end":{"line":94,"column":5}}],"line":90},"5":{"loc":{"start":{"line":106,"column":4},"end":{"line":109,"column":5}},"type":"if","locations":[{"start":{"line":106,"column":4},"end":{"line":109,"column":5}},{"start":{"line":106,"column":4},"end":{"line":109,"column":5}}],"line":106},"6":{"loc":{"start":{"line":111,"column":4},"end":{"line":115,"column":5}},"type":"if","locations":[{"start":{"line":111,"column":4},"end":{"line":115,"column":5}},{"start":{"line":111,"column":4},"end":{"line":115,"column":5}}],"line":111},"7":{"loc":{"start":{"line":132,"column":4},"end":{"line":135,"column":5}},"type":"if","locations":[{"start":{"line":132,"column":4},"end":{"line":135,"column":5}},{"start":{"line":132,"column":4},"end":{"line":135,"column":5}}],"line":132},"8":{"loc":{"start":{"line":142,"column":4},"end":{"line":145,"column":5}},"type":"if","locations":[{"start":{"line":142,"column":4},"end":{"line":145,"column":5}},{"start":{"line":142,"column":4},"end":{"line":145,"column":5}}],"line":142},"9":{"loc":{"start":{"line":146,"column":4},"end":{"line":150,"column":5}},"type":"if","locations":[{"start":{"line":146,"column":4},"end":{"line":150,"column":5}},{"start":{"line":146,"column":4},"end":{"line":150,"column":5}}],"line":146},"10":{"loc":{"start":{"line":152,"column":4},"end":{"line":155,"column":5}},"type":"if","locations":[{"start":{"line":152,"column":4},"end":{"line":155,"column":5}},{"start":{"line":152,"column":4},"end":{"line":155,"column":5}}],"line":152},"11":{"loc":{"start":{"line":152,"column":8},"end":{"line":152,"column":35}},"type":"binary-expr","locations":[{"start":{"line":152,"column":8},"end":{"line":152,"column":17}},{"start":{"line":152,"column":21},"end":{"line":152,"column":35}}],"line":152}},"s":{"0":34,"1":34,"2":12,"3":12,"4":1,"5":1,"6":4,"7":4,"8":4,"9":10,"10":4,"11":6,"12":6,"13":0,"14":1,"15":1,"16":1,"17":3,"18":3,"19":3,"20":1,"21":1,"22":7,"23":7,"24":7,"25":1,"26":1,"27":1,"28":6,"29":6,"30":6,"31":6,"32":6,"33":26,"34":26,"35":26,"36":26,"37":26,"38":1,"39":0,"40":0,"41":0,"42":1,"43":0,"44":0,"45":0,"46":1,"47":1,"48":1,"49":1,"50":1,"51":1,"52":1,"53":0,"54":0,"55":1,"56":0,"57":0,"58":0,"59":1,"60":1,"61":1,"62":1,"63":1,"64":1,"65":1,"66":1,"67":2,"68":0,"69":0,"70":2,"71":2,"72":2,"73":1,"74":0,"75":0,"76":1,"77":0,"78":0,"79":0,"80":1,"81":1,"82":0,"83":0,"84":1,"85":1,"86":1},"f":{"0":34,"1":12,"2":1,"3":4,"4":1,"5":7,"6":26,"7":1,"8":1,"9":2,"10":1},"b":{"0":[4,6],"1":[1,2],"2":[1,6],"3":[0,1],"4":[0,1],"5":[0,1],"6":[0,1],"7":[0,2],"8":[0,1],"9":[0,1],"10":[0,1],"11":[1,1]},"_coverageSchema":"1a1c01bbd47fc00a2c39e90264f33305004495a9","hash":"3a6c3867bd354ce3282bfb028e9effa8de3741d5"}
}
