{"/home/tim/Learning/Push/data-structures/linked-lists/js-example-01/src/doubly-linked.js": {"path":"/home/tim/Learning/Push/data-structures/linked-lists/js-example-01/src/doubly-linked.js","statementMap":{},"fnMap":{},"branchMap":{},"s":{},"f":{},"b":{}}
,"/home/tim/Learning/Push/data-structures/linked-lists/js-example-01/src/singly-linked.js": {"path":"/home/tim/Learning/Push/data-structures/linked-lists/js-example-01/src/singly-linked.js","statementMap":{"0":{"start":{"line":3,"column":4},"end":{"line":3,"column":21}},"1":{"start":{"line":4,"column":4},"end":{"line":4,"column":21}},"2":{"start":{"line":10,"column":4},"end":{"line":10,"column":20}},"3":{"start":{"line":11,"column":4},"end":{"line":11,"column":21}},"4":{"start":{"line":16,"column":18},"end":{"line":16,"column":19}},"5":{"start":{"line":17,"column":15},"end":{"line":17,"column":24}},"6":{"start":{"line":18,"column":4},"end":{"line":24,"column":5}},"7":{"start":{"line":19,"column":6},"end":{"line":21,"column":7}},"8":{"start":{"line":20,"column":8},"end":{"line":20,"column":20}},"9":{"start":{"line":22,"column":6},"end":{"line":22,"column":16}},"10":{"start":{"line":23,"column":6},"end":{"line":23,"column":23}},"11":{"start":{"line":25,"column":4},"end":{"line":25,"column":16}},"12":{"start":{"line":30,"column":17},"end":{"line":30,"column":31}},"13":{"start":{"line":31,"column":22},"end":{"line":31,"column":31}},"14":{"start":{"line":34,"column":4},"end":{"line":38,"column":5}},"15":{"start":{"line":35,"column":6},"end":{"line":35,"column":23}},"16":{"start":{"line":36,"column":6},"end":{"line":36,"column":20}},"17":{"start":{"line":37,"column":6},"end":{"line":37,"column":18}},"18":{"start":{"line":41,"column":4},"end":{"line":43,"column":5}},"19":{"start":{"line":42,"column":6},"end":{"line":42,"column":37}},"20":{"start":{"line":44,"column":4},"end":{"line":44,"column":28}},"21":{"start":{"line":45,"column":4},"end":{"line":45,"column":18}},"22":{"start":{"line":46,"column":4},"end":{"line":46,"column":16}},"23":{"start":{"line":51,"column":15},"end":{"line":51,"column":29}},"24":{"start":{"line":52,"column":4},"end":{"line":52,"column":26}},"25":{"start":{"line":53,"column":4},"end":{"line":53,"column":21}},"26":{"start":{"line":54,"column":4},"end":{"line":54,"column":18}},"27":{"start":{"line":55,"column":4},"end":{"line":55,"column":21}},"28":{"start":{"line":61,"column":4},"end":{"line":65,"column":5}},"29":{"start":{"line":62,"column":6},"end":{"line":62,"column":33}},"30":{"start":{"line":63,"column":6},"end":{"line":63,"column":20}},"31":{"start":{"line":64,"column":6},"end":{"line":64,"column":13}},"32":{"start":{"line":67,"column":4},"end":{"line":71,"column":5}},"33":{"start":{"line":68,"column":6},"end":{"line":68,"column":44}},"34":{"start":{"line":69,"column":6},"end":{"line":69,"column":20}},"35":{"start":{"line":70,"column":6},"end":{"line":70,"column":13}},"36":{"start":{"line":73,"column":21},"end":{"line":73,"column":42}},"37":{"start":{"line":74,"column":15},"end":{"line":74,"column":29}},"38":{"start":{"line":75,"column":4},"end":{"line":75,"column":30}},"39":{"start":{"line":76,"column":4},"end":{"line":76,"column":25}},"40":{"start":{"line":77,"column":4},"end":{"line":77,"column":18}},"41":{"start":{"line":78,"column":4},"end":{"line":78,"column":21}},"42":{"start":{"line":83,"column":4},"end":{"line":86,"column":5}},"43":{"start":{"line":84,"column":6},"end":{"line":84,"column":20}},"44":{"start":{"line":85,"column":6},"end":{"line":85,"column":18}},"45":{"start":{"line":88,"column":4},"end":{"line":92,"column":5}},"46":{"start":{"line":89,"column":6},"end":{"line":89,"column":23}},"47":{"start":{"line":90,"column":6},"end":{"line":90,"column":20}},"48":{"start":{"line":91,"column":6},"end":{"line":91,"column":13}},"49":{"start":{"line":94,"column":19},"end":{"line":94,"column":28}},"50":{"start":{"line":95,"column":19},"end":{"line":95,"column":33}},"51":{"start":{"line":97,"column":4},"end":{"line":100,"column":5}},"52":{"start":{"line":98,"column":6},"end":{"line":98,"column":26}},"53":{"start":{"line":99,"column":6},"end":{"line":99,"column":31}},"54":{"start":{"line":102,"column":4},"end":{"line":102,"column":25}},"55":{"start":{"line":103,"column":4},"end":{"line":103,"column":18}},"56":{"start":{"line":104,"column":4},"end":{"line":104,"column":21}},"57":{"start":{"line":109,"column":4},"end":{"line":112,"column":5}},"58":{"start":{"line":110,"column":6},"end":{"line":110,"column":20}},"59":{"start":{"line":111,"column":6},"end":{"line":111,"column":13}},"60":{"start":{"line":113,"column":4},"end":{"line":113,"column":31}},"61":{"start":{"line":114,"column":4},"end":{"line":114,"column":18}},"62":{"start":{"line":115,"column":4},"end":{"line":115,"column":21}}},"fnMap":{"0":{"name":"(anonymous_0)","decl":{"start":{"line":2,"column":2},"end":{"line":2,"column":3}},"loc":{"start":{"line":2,"column":20},"end":{"line":5,"column":3}},"line":2},"1":{"name":"(anonymous_1)","decl":{"start":{"line":9,"column":2},"end":{"line":9,"column":3}},"loc":{"start":{"line":9,"column":16},"end":{"line":12,"column":3}},"line":9},"2":{"name":"(anonymous_2)","decl":{"start":{"line":15,"column":2},"end":{"line":15,"column":3}},"loc":{"start":{"line":15,"column":15},"end":{"line":26,"column":3}},"line":15},"3":{"name":"(anonymous_3)","decl":{"start":{"line":29,"column":2},"end":{"line":29,"column":3}},"loc":{"start":{"line":29,"column":16},"end":{"line":47,"column":3}},"line":29},"4":{"name":"(anonymous_4)","decl":{"start":{"line":50,"column":2},"end":{"line":50,"column":3}},"loc":{"start":{"line":50,"column":17},"end":{"line":56,"column":3}},"line":50},"5":{"name":"(anonymous_5)","decl":{"start":{"line":59,"column":2},"end":{"line":59,"column":3}},"loc":{"start":{"line":59,"column":21},"end":{"line":79,"column":3}},"line":59},"6":{"name":"(anonymous_6)","decl":{"start":{"line":81,"column":2},"end":{"line":81,"column":3}},"loc":{"start":{"line":81,"column":15},"end":{"line":105,"column":3}},"line":81},"7":{"name":"(anonymous_7)","decl":{"start":{"line":107,"column":2},"end":{"line":107,"column":3}},"loc":{"start":{"line":107,"column":16},"end":{"line":116,"column":3}},"line":107},"8":{"name":"(anonymous_8)","decl":{"start":{"line":118,"column":2},"end":{"line":118,"column":3}},"loc":{"start":{"line":118,"column":13},"end":{"line":118,"column":15}},"line":118}},"branchMap":{"0":{"loc":{"start":{"line":19,"column":6},"end":{"line":21,"column":7}},"type":"if","locations":[{"start":{"line":19,"column":6},"end":{"line":21,"column":7}},{"start":{"line":19,"column":6},"end":{"line":21,"column":7}}],"line":19},"1":{"loc":{"start":{"line":34,"column":4},"end":{"line":38,"column":5}},"type":"if","locations":[{"start":{"line":34,"column":4},"end":{"line":38,"column":5}},{"start":{"line":34,"column":4},"end":{"line":38,"column":5}}],"line":34},"2":{"loc":{"start":{"line":61,"column":4},"end":{"line":65,"column":5}},"type":"if","locations":[{"start":{"line":61,"column":4},"end":{"line":65,"column":5}},{"start":{"line":61,"column":4},"end":{"line":65,"column":5}}],"line":61},"3":{"loc":{"start":{"line":67,"column":4},"end":{"line":71,"column":5}},"type":"if","locations":[{"start":{"line":67,"column":4},"end":{"line":71,"column":5}},{"start":{"line":67,"column":4},"end":{"line":71,"column":5}}],"line":67},"4":{"loc":{"start":{"line":83,"column":4},"end":{"line":86,"column":5}},"type":"if","locations":[{"start":{"line":83,"column":4},"end":{"line":86,"column":5}},{"start":{"line":83,"column":4},"end":{"line":86,"column":5}}],"line":83},"5":{"loc":{"start":{"line":88,"column":4},"end":{"line":92,"column":5}},"type":"if","locations":[{"start":{"line":88,"column":4},"end":{"line":92,"column":5}},{"start":{"line":88,"column":4},"end":{"line":92,"column":5}}],"line":88},"6":{"loc":{"start":{"line":109,"column":4},"end":{"line":112,"column":5}},"type":"if","locations":[{"start":{"line":109,"column":4},"end":{"line":112,"column":5}},{"start":{"line":109,"column":4},"end":{"line":112,"column":5}}],"line":109}},"s":{"0":22,"1":22,"2":8,"3":8,"4":3,"5":3,"6":3,"7":9,"8":3,"9":6,"10":6,"11":0,"12":7,"13":7,"14":7,"15":1,"16":1,"17":1,"18":6,"19":6,"20":6,"21":6,"22":6,"23":14,"24":14,"25":14,"26":14,"27":14,"28":1,"29":0,"30":0,"31":0,"32":1,"33":0,"34":0,"35":0,"36":1,"37":1,"38":1,"39":1,"40":1,"41":1,"42":0,"43":0,"44":0,"45":0,"46":0,"47":0,"48":0,"49":0,"50":0,"51":0,"52":0,"53":0,"54":0,"55":0,"56":0,"57":2,"58":0,"59":0,"60":2,"61":2,"62":2},"f":{"0":22,"1":8,"2":3,"3":7,"4":14,"5":1,"6":0,"7":2,"8":0},"b":{"0":[3,6],"1":[1,6],"2":[0,1],"3":[0,1],"4":[0,0],"5":[0,0],"6":[0,2]},"_coverageSchema":"1a1c01bbd47fc00a2c39e90264f33305004495a9","hash":"b3e3f113e4c6a2e9c48b8261bf8da23f8fa4352a"}
}
