TN:
SF:src/doubly-linked.js
FNF:0
FNH:0
LF:0
LH:0
BRF:0
BRH:0
end_of_record
TN:
SF:src/singly-linked.js
FN:2,(anonymous_0)
FN:9,(anonymous_1)
FN:16,(anonymous_2)
FN:22,(anonymous_3)
FN:35,(anonymous_4)
FN:52,(anonymous_5)
FN:73,(anonymous_6)
FN:82,(anonymous_7)
FN:104,(anonymous_8)
FN:130,(anonymous_9)
FN:141,(anonymous_10)
FNF:11
FNH:11
FNDA:34,(anonymous_0)
FNDA:12,(anonymous_1)
FNDA:1,(anonymous_2)
FNDA:4,(anonymous_3)
FNDA:1,(anonymous_4)
FNDA:7,(anonymous_5)
FNDA:26,(anonymous_6)
FNDA:1,(anonymous_7)
FNDA:1,(anonymous_8)
FNDA:2,(anonymous_9)
FNDA:1,(anonymous_10)
DA:3,34
DA:4,34
DA:10,12
DA:11,12
DA:17,1
DA:18,1
DA:23,4
DA:24,4
DA:25,4
DA:26,10
DA:27,4
DA:29,6
DA:30,6
DA:32,0
DA:36,1
DA:37,1
DA:38,1
DA:39,3
DA:40,3
DA:41,3
DA:42,1
DA:46,1
DA:53,7
DA:54,7
DA:57,7
DA:58,1
DA:59,1
DA:60,1
DA:64,6
DA:65,6
DA:67,6
DA:68,6
DA:69,6
DA:74,26
DA:75,26
DA:76,26
DA:77,26
DA:78,26
DA:84,1
DA:85,0
DA:86,0
DA:87,0
DA:90,1
DA:91,0
DA:92,0
DA:93,0
DA:96,1
DA:97,1
DA:98,1
DA:99,1
DA:100,1
DA:101,1
DA:106,1
DA:107,0
DA:108,0
DA:111,1
DA:112,0
DA:113,0
DA:114,0
DA:117,1
DA:118,1
DA:120,1
DA:121,1
DA:122,1
DA:125,1
DA:126,1
DA:127,1
DA:132,2
DA:133,0
DA:134,0
DA:136,2
DA:137,2
DA:138,2
DA:142,1
DA:143,0
DA:144,0
DA:146,1
DA:147,0
DA:148,0
DA:149,0
DA:151,1
DA:152,1
DA:153,0
DA:154,0
DA:156,1
DA:157,1
DA:158,1
LF:87
LH:66
BRDA:26,0,0,4
BRDA:26,0,1,6
BRDA:41,1,0,1
BRDA:41,1,1,2
BRDA:57,2,0,1
BRDA:57,2,1,6
BRDA:84,3,0,0
BRDA:84,3,1,1
BRDA:90,4,0,0
BRDA:90,4,1,1
BRDA:106,5,0,0
BRDA:106,5,1,1
BRDA:111,6,0,0
BRDA:111,6,1,1
BRDA:132,7,0,0
BRDA:132,7,1,2
BRDA:142,8,0,0
BRDA:142,8,1,1
BRDA:146,9,0,0
BRDA:146,9,1,1
BRDA:152,10,0,0
BRDA:152,10,1,1
BRDA:152,11,0,1
BRDA:152,11,1,1
BRF:24
BRH:16
end_of_record
