TN:
SF:src/doubly-linked.js
FNF:0
FNH:0
LF:0
LH:0
BRF:0
BRH:0
end_of_record
TN:
SF:src/singly-linked.js
FN:2,(anonymous_0)
FN:9,(anonymous_1)
FN:15,(anonymous_2)
FN:29,(anonymous_3)
FN:50,(anonymous_4)
FN:59,(anonymous_5)
FN:81,(anonymous_6)
FN:107,(anonymous_7)
FN:118,(anonymous_8)
FNF:9
FNH:7
FNDA:22,(anonymous_0)
FNDA:8,(anonymous_1)
FNDA:3,(anonymous_2)
FNDA:7,(anonymous_3)
FNDA:14,(anonymous_4)
FNDA:1,(anonymous_5)
FNDA:0,(anonymous_6)
FNDA:2,(anonymous_7)
FNDA:0,(anonymous_8)
DA:3,22
DA:4,22
DA:10,8
DA:11,8
DA:16,3
DA:17,3
DA:18,3
DA:19,9
DA:20,3
DA:22,6
DA:23,6
DA:25,0
DA:30,7
DA:31,7
DA:34,7
DA:35,1
DA:36,1
DA:37,1
DA:41,6
DA:42,6
DA:44,6
DA:45,6
DA:46,6
DA:51,14
DA:52,14
DA:53,14
DA:54,14
DA:55,14
DA:61,1
DA:62,0
DA:63,0
DA:64,0
DA:67,1
DA:68,0
DA:69,0
DA:70,0
DA:73,1
DA:74,1
DA:75,1
DA:76,1
DA:77,1
DA:78,1
DA:83,0
DA:84,0
DA:85,0
DA:88,0
DA:89,0
DA:90,0
DA:91,0
DA:94,0
DA:95,0
DA:97,0
DA:98,0
DA:99,0
DA:102,0
DA:103,0
DA:104,0
DA:109,2
DA:110,0
DA:111,0
DA:113,2
DA:114,2
DA:115,2
LF:63
LH:39
BRDA:19,0,0,3
BRDA:19,0,1,6
BRDA:34,1,0,1
BRDA:34,1,1,6
BRDA:61,2,0,0
BRDA:61,2,1,1
BRDA:67,3,0,0
BRDA:67,3,1,1
BRDA:83,4,0,0
BRDA:83,4,1,0
BRDA:88,5,0,0
BRDA:88,5,1,0
BRDA:109,6,0,0
BRDA:109,6,1,2
BRF:14
BRH:7
end_of_record
