<?xml version="1.0" encoding="UTF-8"?>
<coverage generated="1599748933079" clover="3.2.0">
  <project timestamp="1599748933079" name="All files">
    <metrics statements="31" coveredstatements="18" conditionals="16" coveredconditionals="6" methods="6" coveredmethods="5" elements="53" coveredelements="29" complexity="0" loc="31" ncloc="31" packages="1" files="1" classes="1"/>
    <file name="hash-table.mjs" path="/home/tim/Learning/Push/data-structures/hash-tables/js-example-01/src/hash-table.mjs">
      <metrics statements="31" coveredstatements="18" conditionals="16" coveredconditionals="6" methods="6" coveredmethods="5"/>
      <line num="3" count="4" type="stmt"/>
      <line num="4" count="4" type="stmt"/>
      <line num="8" count="14" type="stmt"/>
      <line num="9" count="14" type="stmt"/>
      <line num="10" count="114" type="stmt"/>
      <line num="12" count="14" type="stmt"/>
      <line num="16" count="0" type="stmt"/>
      <line num="20" count="10" type="stmt"/>
      <line num="23" count="10" type="cond" truecount="1" falsecount="1"/>
      <line num="24" count="10" type="stmt"/>
      <line num="26" count="0" type="stmt"/>
      <line num="27" count="0" type="stmt"/>
      <line num="28" count="0" type="cond" truecount="0" falsecount="2"/>
      <line num="29" count="0" type="stmt"/>
      <line num="30" count="0" type="stmt"/>
      <line num="33" count="0" type="cond" truecount="0" falsecount="2"/>
      <line num="34" count="0" type="stmt"/>
      <line num="41" count="1" type="stmt"/>
      <line num="42" count="1" type="cond" truecount="3" falsecount="1"/>
      <line num="43" count="1" type="stmt"/>
      <line num="45" count="0" type="stmt"/>
      <line num="46" count="0" type="cond" truecount="0" falsecount="2"/>
      <line num="47" count="0" type="stmt"/>
      <line num="54" count="1" type="stmt"/>
      <line num="55" count="1" type="cond" truecount="1" falsecount="1"/>
      <line num="56" count="0" type="stmt"/>
      <line num="57" count="0" type="stmt"/>
      <line num="59" count="1" type="stmt"/>
      <line num="60" count="1" type="cond" truecount="1" falsecount="1"/>
      <line num="61" count="1" type="stmt"/>
      <line num="62" count="1" type="stmt"/>
    </file>
  </project>
</coverage>
