{"/home/tim/Learning/Push/data-structures/hash-tables/js-example-01/src/hash-table.mjs": {"path":"/home/tim/Learning/Push/data-structures/hash-tables/js-example-01/src/hash-table.mjs","statementMap":{"0":{"start":{"line":3,"column":4},"end":{"line":3,"column":22}},"1":{"start":{"line":4,"column":4},"end":{"line":4,"column":27}},"2":{"start":{"line":8,"column":15},"end":{"line":8,"column":16}},"3":{"start":{"line":9,"column":4},"end":{"line":11,"column":5}},"4":{"start":{"line":9,"column":17},"end":{"line":9,"column":18}},"5":{"start":{"line":10,"column":6},"end":{"line":10,"column":32}},"6":{"start":{"line":12,"column":4},"end":{"line":12,"column":22}},"7":{"start":{"line":16,"column":4},"end":{"line":16,"column":32}},"8":{"start":{"line":20,"column":16},"end":{"line":20,"column":57}},"9":{"start":{"line":23,"column":4},"end":{"line":36,"column":5}},"10":{"start":{"line":24,"column":6},"end":{"line":24,"column":41}},"11":{"start":{"line":26,"column":21},"end":{"line":26,"column":26}},"12":{"start":{"line":27,"column":6},"end":{"line":32,"column":7}},"13":{"start":{"line":27,"column":19},"end":{"line":27,"column":20}},"14":{"start":{"line":28,"column":8},"end":{"line":31,"column":9}},"15":{"start":{"line":29,"column":10},"end":{"line":29,"column":42}},"16":{"start":{"line":30,"column":10},"end":{"line":30,"column":26}},"17":{"start":{"line":33,"column":6},"end":{"line":35,"column":7}},"18":{"start":{"line":34,"column":8},"end":{"line":34,"column":45}},"19":{"start":{"line":41,"column":16},"end":{"line":41,"column":57}},"20":{"start":{"line":42,"column":4},"end":{"line":50,"column":5}},"21":{"start":{"line":43,"column":6},"end":{"line":43,"column":33}},"22":{"start":{"line":45,"column":6},"end":{"line":49,"column":7}},"23":{"start":{"line":45,"column":19},"end":{"line":45,"column":20}},"24":{"start":{"line":46,"column":8},"end":{"line":48,"column":9}},"25":{"start":{"line":47,"column":10},"end":{"line":47,"column":40}},"26":{"start":{"line":54,"column":16},"end":{"line":54,"column":57}},"27":{"start":{"line":55,"column":4},"end":{"line":65,"column":5}},"28":{"start":{"line":56,"column":6},"end":{"line":56,"column":31}},"29":{"start":{"line":57,"column":6},"end":{"line":57,"column":23}},"30":{"start":{"line":59,"column":6},"end":{"line":64,"column":7}},"31":{"start":{"line":59,"column":19},"end":{"line":59,"column":20}},"32":{"start":{"line":60,"column":8},"end":{"line":63,"column":9}},"33":{"start":{"line":61,"column":10},"end":{"line":61,"column":49}},"34":{"start":{"line":62,"column":10},"end":{"line":62,"column":43}}},"fnMap":{"0":{"name":"(anonymous_0)","decl":{"start":{"line":2,"column":2},"end":{"line":2,"column":3}},"loc":{"start":{"line":2,"column":16},"end":{"line":5,"column":3}},"line":2},"1":{"name":"(anonymous_1)","decl":{"start":{"line":7,"column":2},"end":{"line":7,"column":3}},"loc":{"start":{"line":7,"column":25},"end":{"line":13,"column":3}},"line":7},"2":{"name":"(anonymous_2)","decl":{"start":{"line":15,"column":2},"end":{"line":15,"column":3}},"loc":{"start":{"line":15,"column":10},"end":{"line":17,"column":3}},"line":15},"3":{"name":"(anonymous_3)","decl":{"start":{"line":19,"column":2},"end":{"line":19,"column":3}},"loc":{"start":{"line":19,"column":16},"end":{"line":37,"column":3}},"line":19},"4":{"name":"(anonymous_4)","decl":{"start":{"line":40,"column":2},"end":{"line":40,"column":3}},"loc":{"start":{"line":40,"column":14},"end":{"line":51,"column":3}},"line":40},"5":{"name":"(anonymous_5)","decl":{"start":{"line":53,"column":2},"end":{"line":53,"column":3}},"loc":{"start":{"line":53,"column":14},"end":{"line":66,"column":3}},"line":53}},"branchMap":{"0":{"loc":{"start":{"line":23,"column":4},"end":{"line":36,"column":5}},"type":"if","locations":[{"start":{"line":23,"column":4},"end":{"line":36,"column":5}},{"start":{"line":23,"column":4},"end":{"line":36,"column":5}}],"line":23},"1":{"loc":{"start":{"line":28,"column":8},"end":{"line":31,"column":9}},"type":"if","locations":[{"start":{"line":28,"column":8},"end":{"line":31,"column":9}},{"start":{"line":28,"column":8},"end":{"line":31,"column":9}}],"line":28},"2":{"loc":{"start":{"line":33,"column":6},"end":{"line":35,"column":7}},"type":"if","locations":[{"start":{"line":33,"column":6},"end":{"line":35,"column":7}},{"start":{"line":33,"column":6},"end":{"line":35,"column":7}}],"line":33},"3":{"loc":{"start":{"line":42,"column":4},"end":{"line":50,"column":5}},"type":"if","locations":[{"start":{"line":42,"column":4},"end":{"line":50,"column":5}},{"start":{"line":42,"column":4},"end":{"line":50,"column":5}}],"line":42},"4":{"loc":{"start":{"line":42,"column":8},"end":{"line":42,"column":77}},"type":"binary-expr","locations":[{"start":{"line":42,"column":8},"end":{"line":42,"column":40}},{"start":{"line":42,"column":44},"end":{"line":42,"column":77}}],"line":42},"5":{"loc":{"start":{"line":46,"column":8},"end":{"line":48,"column":9}},"type":"if","locations":[{"start":{"line":46,"column":8},"end":{"line":48,"column":9}},{"start":{"line":46,"column":8},"end":{"line":48,"column":9}}],"line":46},"6":{"loc":{"start":{"line":55,"column":4},"end":{"line":65,"column":5}},"type":"if","locations":[{"start":{"line":55,"column":4},"end":{"line":65,"column":5}},{"start":{"line":55,"column":4},"end":{"line":65,"column":5}}],"line":55},"7":{"loc":{"start":{"line":60,"column":8},"end":{"line":63,"column":9}},"type":"if","locations":[{"start":{"line":60,"column":8},"end":{"line":63,"column":9}},{"start":{"line":60,"column":8},"end":{"line":63,"column":9}}],"line":60}},"s":{"0":4,"1":4,"2":14,"3":14,"4":14,"5":114,"6":14,"7":0,"8":10,"9":10,"10":10,"11":0,"12":0,"13":0,"14":0,"15":0,"16":0,"17":0,"18":0,"19":1,"20":1,"21":1,"22":0,"23":0,"24":0,"25":0,"26":1,"27":1,"28":0,"29":0,"30":1,"31":1,"32":1,"33":1,"34":1},"f":{"0":4,"1":14,"2":0,"3":10,"4":1,"5":1},"b":{"0":[10,0],"1":[0,0],"2":[0,0],"3":[1,0],"4":[1,1],"5":[0,0],"6":[0,1],"7":[1,0]},"_coverageSchema":"1a1c01bbd47fc00a2c39e90264f33305004495a9","hash":"6352c0df467acee71ee95c9d701219a6c9933066"}
}
