TN:
SF:src/hash-table.mjs
FN:2,(anonymous_0)
FN:7,(anonymous_1)
FN:15,(anonymous_2)
FN:19,(anonymous_3)
FN:40,(anonymous_4)
FN:53,(anonymous_5)
FNF:6
FNH:5
FNDA:4,(anonymous_0)
FNDA:14,(anonymous_1)
FNDA:0,(anonymous_2)
FNDA:10,(anonymous_3)
FNDA:1,(anonymous_4)
FNDA:1,(anonymous_5)
DA:3,4
DA:4,4
DA:8,14
DA:9,14
DA:10,114
DA:12,14
DA:16,0
DA:20,10
DA:23,10
DA:24,10
DA:26,0
DA:27,0
DA:28,0
DA:29,0
DA:30,0
DA:33,0
DA:34,0
DA:41,1
DA:42,1
DA:43,1
DA:45,0
DA:46,0
DA:47,0
DA:54,1
DA:55,1
DA:56,0
DA:57,0
DA:59,1
DA:60,1
DA:61,1
DA:62,1
LF:31
LH:18
BRDA:23,0,0,10
BRDA:23,0,1,0
BRDA:28,1,0,0
BRDA:28,1,1,0
BRDA:33,2,0,0
BRDA:33,2,1,0
BRDA:42,3,0,1
BRDA:42,3,1,0
BRDA:42,4,0,1
BRDA:42,4,1,1
BRDA:46,5,0,0
BRDA:46,5,1,0
BRDA:55,6,0,0
BRDA:55,6,1,1
BRDA:60,7,0,1
BRDA:60,7,1,0
BRF:16
BRH:6
end_of_record
