<?xml version="1.0" encoding="UTF-8"?>
<coverage generated="1599167170200" clover="3.2.0">
  <project timestamp="1599167170200" name="All files">
    <metrics statements="4" coveredstatements="2" conditionals="2" coveredconditionals="0" methods="3" coveredmethods="2" elements="9" coveredelements="4" complexity="0" loc="4" ncloc="4" packages="1" files="1" classes="1"/>
    <file name="stack.js" path="/home/tim/Learning/Push/data-structures/stacks/js-example-01/src/stack.js">
      <metrics statements="4" coveredstatements="2" conditionals="2" coveredconditionals="0" methods="3" coveredmethods="2"/>
      <line num="5" count="1" type="stmt"/>
      <line num="11" count="1" type="stmt"/>
      <line num="15" count="0" type="cond" truecount="0" falsecount="2"/>
      <line num="16" count="0" type="stmt"/>
    </file>
  </project>
</coverage>
