TN:
SF:src/sets.mjs
FN:1,mySet
FN:5,(anonymous_1)
FN:9,(anonymous_2)
FN:14,(anonymous_3)
FN:22,(anonymous_4)
FN:31,(anonymous_5)
FN:36,(anonymous_6)
FN:40,(anonymous_7)
FN:43,(anonymous_8)
FN:50,(anonymous_9)
FN:53,(anonymous_10)
FN:62,(anonymous_11)
FN:65,(anonymous_12)
FN:74,(anonymous_13)
FN:76,(anonymous_14)
FNF:15
FNH:6
FNDA:3,mySet
FNDA:11,(anonymous_1)
FNDA:2,(anonymous_2)
FNDA:9,(anonymous_3)
FNDA:2,(anonymous_4)
FNDA:1,(anonymous_5)
FNDA:0,(anonymous_6)
FNDA:0,(anonymous_7)
FNDA:0,(anonymous_8)
FNDA:0,(anonymous_9)
FNDA:0,(anonymous_10)
FNDA:0,(anonymous_11)
FNDA:0,(anonymous_12)
FNDA:0,(anonymous_13)
FNDA:0,(anonymous_14)
DA:2,3
DA:5,3
DA:6,11
DA:9,3
DA:10,2
DA:14,3
DA:15,9
DA:16,8
DA:17,8
DA:19,1
DA:22,3
DA:23,2
DA:24,2
DA:25,2
DA:26,2
DA:28,0
DA:31,3
DA:32,1
DA:36,3
DA:37,0
DA:38,0
DA:39,0
DA:40,0
DA:41,0
DA:43,0
DA:44,0
DA:46,0
DA:50,3
DA:51,0
DA:52,0
DA:53,0
DA:54,0
DA:55,0
DA:58,0
DA:62,3
DA:63,0
DA:64,0
DA:65,0
DA:66,0
DA:67,0
DA:70,0
DA:74,3
DA:75,0
DA:76,0
DA:77,0
LF:45
LH:21
BRDA:15,0,0,8
BRDA:15,0,1,1
BRDA:23,1,0,2
BRDA:23,1,1,0
BRDA:54,2,0,0
BRDA:54,2,1,0
BRDA:66,3,0,0
BRDA:66,3,1,0
BRF:8
BRH:3
end_of_record
